Running: /scratch/nj2nu/non_GR/BBH_dataset/gw150914_xas/github_repo/bilby_pipe_edgb/envs/bin/bilby_pipe_generation outdir_bbh_injection/bbh_injection_config_complete.ini --label bbh_injection_data0_1135136350-637_generation --idx 0 --trigger-time 1135136350.637 --outdir outdir_bbh_injection
10:39 bilby_pipe WARNING : You do not have nds2 (python-nds2-client) installed. You may  experience problems accessing interferometer data.
10:39 bilby_pipe WARNING : You do not have LDAStools.frameCPP (python-ldas-tools-framecpp) installed. You may experience problems accessing interferometer data.
10:39 bilby_pipe INFO    : Running bilby_pipe version: 1.4.0
10:39 bilby_pipe INFO    : Running bilby version: 2.3.0
10:39 bilby_pipe INFO    : Command line arguments: Namespace(ini='outdir_bbh_injection/bbh_injection_config_complete.ini', verbose=False, calibration_model=None, spline_calibration_envelope_dict=None, spline_calibration_nodes=10, spline_calibration_amplitude_uncertainty_dict=None, spline_calibration_phase_uncertainty_dict=None, calibration_prior_boundary='reflective', idx=0, data_dump_file=None, ignore_gwpy_data_quality_check=True, gps_tuple=None, gps_file=None, timeslide_file=None, timeslide_dict=None, trigger_time='1135136350.637', n_simulation=0, data_dict=None, data_format=None, allow_tape=True, channel_dict=None, frame_type_dict=None, data_find_url='https://datafind.igwn.org', data_find_urltype='osdf', gaussian_noise=False, zero_noise=True, coherence_test=False, detectors=['H1', 'L1'], duration=4.0, generation_seed=None, psd_dict="{'H1': '/scratch/nj2nu/non_GR/BBH_dataset/gw150914_xas/noise/aLIGO_ZERO_DET_high_P_psd.txt', 'L1': '/scratch/nj2nu/non_GR/BBH_dataset/gw150914_xas/noise/aLIGO_ZERO_DET_high_P_psd.txt'}", psd_fractional_overlap=0.5, post_trigger_duration=2.0, sampling_frequency=1024.0, psd_length=32, psd_maximum_duration=1024, psd_method='median', psd_start_time=None, maximum_frequency='1024.', minimum_frequency='20.', tukey_roll_off=0.4, resampling_method='lal', injection=True, injection_dict='{"mass_1": 35, \'mass_2\': 30, \'chi_1\': 0.5, \'chi_2\': 0.1, \'luminosity_distance\': 200, \'dec\': 0.2, \'ra\': 0.4, \'theta_jn\': 0.2, \'psi\': 0.1, \'phase\': 0.3, "geocent_time": 1135136350.637,}', injection_file=None, injection_numbers=[None], injection_waveform_approximant='IMRPhenomXAS', injection_frequency_domain_source_model=None, injection_waveform_arguments=None, accounting='ligo.dev.o3.cbc.pe.lalinference', accounting_user=None, label='bbh_injection_data0_1135136350-637_generation', local=False, local_generation=False, generation_pool='local-pool', local_plot=False, outdir='outdir_bbh_injection', overwrite_outdir=False, periodic_restart_time=259200, request_disk=5.0, request_memory=8.0, request_memory_generation=None, request_cpus=1, conda_env=None, scheduler='condor', scheduler_args=None, scheduler_module=[None], scheduler_env=None, scheduler_analysis_time='7-00:00:00', submit=False, condor_job_priority=0, transfer_files=True, additional_transfer_paths=[None], environment_variables=None, getenv=[None], disable_hdf5_locking=False, log_directory=None, osg=False, desired_sites=None, analysis_executable=None, analysis_executable_parser=None, scitoken_issuer=None, calibration_marginalization=False, distance_marginalization=False, distance_marginalization_lookup_table=None, phase_marginalization=False, time_marginalization=False, jitter_time=True, reference_frame='sky', time_reference='geocent', likelihood_type='GravitationalWaveTransient', calibration_lookup_table=None, number_of_response_curves=1000, roq_folder=None, roq_linear_matrix=None, roq_quadratic_matrix=None, roq_weights=None, roq_weight_format='hdf5', roq_scale_factor=1.0, fiducial_parameters=None, update_fiducial_parameters=False, epsilon=0.025, extra_likelihood_kwargs=None, plot_trace=False, plot_data=False, plot_injection=False, plot_spectrogram=False, plot_calibration=False, plot_corner=False, plot_marginal=False, plot_skymap=False, plot_waveform=False, plot_format='png', create_summary=False, email=None, notification='Never', queue=None, existing_dir=None, webdir=None, summarypages_arguments=None, result_format='hdf5', final_result=True, final_result_nsamples=20000, default_prior='BBHPriorDict', deltaT=0.2, prior_file=None, prior_dict='{mass-1: Constraint(name=\'mass_1\', minimum=10, maximum=80), mass_2 = Constraint(name=\'mass_2\', minimum=10, maximum=80), mass_ratio =  Uniform(name=\'mass_ratio\', minimum=0.125, maximum=1, latex_label="$q$"), chirp_mass =  Uniform(name=\'chirp_mass\', minimum=25, maximum=35, latex_label="$M_{c}$"), chi_1 = Uniform(name=\'chi_1\', minimum=0, maximum=0.99), chi_2 = Uniform(name=\'chi_2\', minimum=0, maximum=0.99), luminosity_distance = PowerLaw(alpha=2, name=\'luminosity_distance\', minimum=50, maximum=2000, unit=\'Mpc\', latex_label=\'$d_L$\'), dec = Cosine(name=\'dec\'), ra = Uniform(name=\'ra\', minimum=0, maximum=2 * np.pi, boundary=\'periodic\'), theta_jn = Sine(name=\'theta_jn\'), psi =  Uniform(name=\'psi\', minimum=0, maximum=np.pi, boundary=\'periodic\'), phase =  Uniform(name=\'phase\', minimum=0, maximum=2 * np.pi, boundary=\'periodic\'), }', enforce_signal_duration=True, postprocessing_executable=None, postprocessing_arguments=None, single_postprocessing_executable=None, single_postprocessing_arguments=None, sampler='dynesty', sampling_seed=None, n_parallel=2, sampler_kwargs="{'nlive': 2000, 'naccept': 60, 'check_point_plot': True, 'check_point_delta_t': 1800, 'print_method': 'interval-60', 'sample': 'acceptance-walk', 'nact': 10}", reweighting_configuration=None, reweight_nested_samples=True, waveform_generator='bilby.gw.waveform_generator.WaveformGenerator', reference_frequency=20.0, waveform_approximant='IMRPhenomXAS', catch_waveform_errors=True, pn_spin_order=-1, pn_tidal_order=-1, pn_phase_order=-1, pn_amplitude_order=0, numerical_relativity_file=None, waveform_arguments_dict=None, mode_array=[None], frequency_domain_source_model='lal_binary_black_hole', conversion_function=None, generation_function=None)
10:39 bilby_pipe INFO    : Unknown command line arguments: []
10:39 bilby_pipe INFO    : Generation seed set to 915590
10:39 bilby_pipe INFO    : PSD duration set to 128.0s, 32x the duration 4.0s
10:39 bilby_pipe INFO    : Injecting waveform with 
10:39 bilby_pipe INFO    : minimum_frequency = 20.0
10:39 bilby_pipe INFO    : maximum_frequency = 1024.0
10:39 bilby_pipe INFO    : trigger_time = 1135136350.637
10:39 bilby_pipe INFO    : start_time = 1135136348.637
10:39 bilby_pipe INFO    : duration = 4.0
10:39 bilby_pipe INFO    : Setting H1 PSD from file /scratch/nj2nu/non_GR/BBH_dataset/gw150914_xas/noise/aLIGO_ZERO_DET_high_P_psd.txt
10:39 bilby_pipe INFO    : Setting L1 PSD from file /scratch/nj2nu/non_GR/BBH_dataset/gw150914_xas/noise/aLIGO_ZERO_DET_high_P_psd.txt
10:39 bilby_pipe INFO    : Setting strain data from zero noise
10:39 bilby_pipe INFO    : Using waveform arguments: {'reference_frequency': 20.0, 'waveform_approximant': 'IMRPhenomXAS', 'minimum_frequency': 20.0, 'maximum_frequency': 1024.0, 'catch_waveform_errors': True, 'pn_spin_order': -1, 'pn_tidal_order': -1, 'pn_phase_order': -1, 'pn_amplitude_order': 0, 'mode_array': None, 'numerical_relativity_file': None}
10:39 bilby INFO    : Waveform generator initiated with
  frequency_domain_source_model: bilby.gw.source.lal_binary_black_hole
  time_domain_source_model: None
  parameter_conversion: bilby.gw.conversion.convert_to_lal_binary_black_hole_parameters
10:39 bilby INFO    : Injected signal in H1:
10:39 bilby INFO    :   optimal SNR = 169.43
10:39 bilby INFO    :   matched filter SNR = 169.43-0.00j
10:39 bilby INFO    :   mass_1 = 35.0
10:39 bilby INFO    :   mass_2 = 30.0
10:39 bilby INFO    :   chi_1 = 0.5
10:39 bilby INFO    :   chi_2 = 0.1
10:39 bilby INFO    :   luminosity_distance = 200.0
10:39 bilby INFO    :   dec = 0.2
10:39 bilby INFO    :   ra = 0.4
10:39 bilby INFO    :   theta_jn = 0.2
10:39 bilby INFO    :   psi = 0.1
10:39 bilby INFO    :   phase = 0.3
10:39 bilby INFO    :   geocent_time = 1135136350.637
10:39 bilby INFO    : Injected signal in L1:
10:39 bilby INFO    :   optimal SNR = 168.73
10:39 bilby INFO    :   matched filter SNR = 168.73+0.00j
10:39 bilby INFO    :   mass_1 = 35.0
10:39 bilby INFO    :   mass_2 = 30.0
10:39 bilby INFO    :   chi_1 = 0.5
10:39 bilby INFO    :   chi_2 = 0.1
10:39 bilby INFO    :   luminosity_distance = 200.0
10:39 bilby INFO    :   dec = 0.2
10:39 bilby INFO    :   ra = 0.4
10:39 bilby INFO    :   theta_jn = 0.2
10:39 bilby INFO    :   psi = 0.1
10:39 bilby INFO    :   phase = 0.3
10:39 bilby INFO    :   geocent_time = 1135136350.637
10:39 bilby INFO    : Waveform generator initiated with
  frequency_domain_source_model: bilby.gw.source.lal_binary_black_hole
  time_domain_source_model: None
  parameter_conversion: bilby.gw.conversion.convert_to_lal_binary_black_hole_parameters
10:39 bilby_pipe INFO    : Completed data generation

