Running: /scratch/nj2nu/non_GR/BBH_dataset/gw150914_xas/github_repo/bilby_pipe_edgb/envs/bin/bilby_pipe_analysis outdir_bbh_injection/bbh_injection_config_complete.ini --outdir outdir_bbh_injection --detectors H1 --detectors L1 --label bbh_injection_data0_1135136350-637_analysis_H1L1_par0 --data-dump-file outdir_bbh_injection/data/bbh_injection_data0_1135136350-637_generation_data_dump.pickle --sampler dynesty
15:53 bilby_pipe INFO    : Running bilby_pipe version: 1.4.0
15:53 bilby_pipe INFO    : Running bilby version: 2.3.0
15:53 bilby_pipe INFO    : Command line arguments: Namespace(ini='outdir_bbh_injection/bbh_injection_config_complete.ini', verbose=False, calibration_model=None, spline_calibration_envelope_dict=None, spline_calibration_nodes=10, spline_calibration_amplitude_uncertainty_dict=None, spline_calibration_phase_uncertainty_dict=None, calibration_prior_boundary='reflective', idx=0, data_dump_file='outdir_bbh_injection/data/bbh_injection_data0_1135136350-637_generation_data_dump.pickle', ignore_gwpy_data_quality_check=True, gps_tuple=None, gps_file=None, timeslide_file=None, timeslide_dict=None, trigger_time='1135136350.637', n_simulation=0, data_dict=None, data_format=None, allow_tape=True, channel_dict=None, frame_type_dict=None, data_find_url='https://datafind.igwn.org', data_find_urltype='osdf', gaussian_noise=False, zero_noise=True, coherence_test=False, detectors=['H1', 'L1'], duration=4.0, generation_seed=None, psd_dict="{'H1': '/scratch/nj2nu/non_GR/BBH_dataset/gw150914_xas/noise/aLIGO_ZERO_DET_high_P_psd.txt', 'L1': '/scratch/nj2nu/non_GR/BBH_dataset/gw150914_xas/noise/aLIGO_ZERO_DET_high_P_psd.txt'}", psd_fractional_overlap=0.5, post_trigger_duration=2.0, sampling_frequency=1024.0, psd_length=32, psd_maximum_duration=1024, psd_method='median', psd_start_time=None, maximum_frequency='1024.', minimum_frequency='20.', tukey_roll_off=0.4, resampling_method='lal', injection=True, injection_dict='{"mass_1": 35, \'mass_2\': 30, \'chi_1\': 0.5, \'chi_2\': 0.1, \'luminosity_distance\': 200, \'dec\': 0.2, \'ra\': 0.4, \'theta_jn\': 0.2, \'psi\': 0.1, \'phase\': 0.3, "geocent_time": 1135136350.637,}', injection_file=None, injection_numbers=[None], injection_waveform_approximant='IMRPhenomXAS', injection_frequency_domain_source_model=None, injection_waveform_arguments=None, accounting='ligo.dev.o3.cbc.pe.lalinference', accounting_user=None, label='bbh_injection_data0_1135136350-637_analysis_H1L1_par0', local=False, local_generation=False, generation_pool='local-pool', local_plot=False, outdir='outdir_bbh_injection', overwrite_outdir=False, periodic_restart_time=259200, request_disk=5.0, request_memory=8.0, request_memory_generation=None, request_cpus=1, conda_env=None, scheduler='condor', scheduler_args=None, scheduler_module=[None], scheduler_env=None, scheduler_analysis_time='7-00:00:00', submit=False, condor_job_priority=0, transfer_files=True, additional_transfer_paths=[None], environment_variables=None, getenv=[None], disable_hdf5_locking=False, log_directory=None, osg=False, desired_sites=None, analysis_executable=None, analysis_executable_parser=None, scitoken_issuer=None, calibration_marginalization=False, distance_marginalization=False, distance_marginalization_lookup_table=None, phase_marginalization=False, time_marginalization=False, jitter_time=True, reference_frame='sky', time_reference='geocent', likelihood_type='GravitationalWaveTransient', calibration_lookup_table=None, number_of_response_curves=1000, roq_folder=None, roq_linear_matrix=None, roq_quadratic_matrix=None, roq_weights=None, roq_weight_format='hdf5', roq_scale_factor=1.0, fiducial_parameters=None, update_fiducial_parameters=False, epsilon=0.025, extra_likelihood_kwargs=None, plot_trace=False, plot_data=False, plot_injection=False, plot_spectrogram=False, plot_calibration=False, plot_corner=False, plot_marginal=False, plot_skymap=False, plot_waveform=False, plot_format='png', create_summary=False, email=None, notification='Never', queue=None, existing_dir=None, webdir=None, summarypages_arguments=None, result_format='hdf5', final_result=True, final_result_nsamples=20000, default_prior='BBHPriorDict', deltaT=0.2, prior_file=None, prior_dict='{mass-1: Constraint(name=\'mass_1\', minimum=10, maximum=80), mass_2 = Constraint(name=\'mass_2\', minimum=10, maximum=80), mass_ratio =  Uniform(name=\'mass_ratio\', minimum=0.125, maximum=1, latex_label="$q$"), chirp_mass =  Uniform(name=\'chirp_mass\', minimum=25, maximum=35, latex_label="$M_{c}$"), chi_1 = Uniform(name=\'chi_1\', minimum=0, maximum=0.99), chi_2 = Uniform(name=\'chi_2\', minimum=0, maximum=0.99), luminosity_distance = PowerLaw(alpha=2, name=\'luminosity_distance\', minimum=50, maximum=2000, unit=\'Mpc\', latex_label=\'$d_L$\'), dec = Cosine(name=\'dec\'), ra = Uniform(name=\'ra\', minimum=0, maximum=2 * np.pi, boundary=\'periodic\'), theta_jn = Sine(name=\'theta_jn\'), psi =  Uniform(name=\'psi\', minimum=0, maximum=np.pi, boundary=\'periodic\'), phase =  Uniform(name=\'phase\', minimum=0, maximum=2 * np.pi, boundary=\'periodic\'), }', enforce_signal_duration=True, postprocessing_executable=None, postprocessing_arguments=None, single_postprocessing_executable=None, single_postprocessing_arguments=None, sampler='dynesty', sampling_seed=None, n_parallel=2, sampler_kwargs="{'nlive': 500, 'naccept': 60, 'check_point_plot': True, 'check_point_delta_t': 1800, 'print_method': 'interval-60', 'sample': 'acceptance-walk'}", reweighting_configuration=None, reweight_nested_samples=True, waveform_generator='bilby.gw.waveform_generator.WaveformGenerator', reference_frequency=20.0, waveform_approximant='IMRPhenomXAS', catch_waveform_errors=True, pn_spin_order=-1, pn_tidal_order=-1, pn_phase_order=-1, pn_amplitude_order=0, numerical_relativity_file=None, waveform_arguments_dict=None, mode_array=[None], frequency_domain_source_model='lal_binary_black_hole', conversion_function=None, generation_function=None)
15:53 bilby_pipe INFO    : Unknown command line arguments: []
15:53 bilby_pipe INFO    : Sampling seed set to 137320
15:53 bilby_pipe INFO    : Found data for detectors = ['H1', 'L1']
15:53 bilby_pipe INFO    : Using data for detectors = ['H1', 'L1']
15:53 bilby_pipe INFO    : H1: sampling-frequency=1024.0, segment-start-time=1135136348.637, duration=4.0
15:53 bilby_pipe INFO    : L1: sampling-frequency=1024.0, segment-start-time=1135136348.637, duration=4.0
15:53 bilby_pipe INFO    : Using conversion_function convert_to_lal_binary_black_hole_parameters
15:53 bilby INFO    : Waveform generator initiated with
  frequency_domain_source_model: bilby.gw.source.lal_binary_black_hole
  time_domain_source_model: None
  parameter_conversion: bilby.gw.conversion.convert_to_lal_binary_black_hole_parameters
15:53 bilby_pipe INFO    : Using generation_function generate_all_bbh_parameters
15:53 bilby INFO    : Running for label 'bbh_injection_data0_1135136350-637_analysis_H1L1_par0', output will be saved to 'outdir_bbh_injection/result'
15:53 bilby INFO    : Using lal version 7.5.0
15:53 bilby INFO    : Using lal git version Branch: None;Tag: lalsuite-v7.22;Id: 5c23000593918e5e4ef2ff809eccc1722b5d0795;;Builder: Unknown User <>;Repository status: CLEAN: All modifications committed
15:53 bilby INFO    : Using lalsimulation version 5.4.0
15:53 bilby INFO    : Using lalsimulation git version Branch: None;Tag: lalsuite-v7.22;Id: 5c23000593918e5e4ef2ff809eccc1722b5d0795;;Builder: Unknown User <>;Repository status: CLEAN: All modifications committed
15:53 bilby INFO    : Analysis priors:
15:53 bilby INFO    : mass_ratio=Uniform(minimum=0.125, maximum=1, name='mass_ratio', latex_label='$q$', unit=None, boundary=None)
15:53 bilby INFO    : chirp_mass=Uniform(minimum=25, maximum=35, name='chirp_mass', latex_label='$M_{c}$', unit=None, boundary=None)
15:53 bilby INFO    : chi_1=Uniform(minimum=0, maximum=0.99, name='chi_1', latex_label='$\\chi_1$', unit=None, boundary=None)
15:53 bilby INFO    : chi_2=Uniform(minimum=0, maximum=0.99, name='chi_2', latex_label='$\\chi_2$', unit=None, boundary=None)
15:53 bilby INFO    : luminosity_distance=PowerLaw(alpha=2, minimum=50, maximum=2000, name='luminosity_distance', latex_label='$d_L$', unit='Mpc', boundary=None)
15:53 bilby INFO    : dec=Cosine(minimum=-1.5707963267948966, maximum=1.5707963267948966, name='dec', latex_label='$\\mathrm{DEC}$', unit=None, boundary=None)
15:53 bilby INFO    : ra=Uniform(minimum=0, maximum=6.283185307179586, name='ra', latex_label='$\\mathrm{RA}$', unit=None, boundary='periodic')
15:53 bilby INFO    : theta_jn=Sine(minimum=0, maximum=3.141592653589793, name='theta_jn', latex_label='$\\theta_{JN}$', unit=None, boundary=None)
15:53 bilby INFO    : psi=Uniform(minimum=0, maximum=3.141592653589793, name='psi', latex_label='$\\psi$', unit=None, boundary='periodic')
15:53 bilby INFO    : phase=Uniform(minimum=0, maximum=6.283185307179586, name='phase', latex_label='$\\phi$', unit=None, boundary='periodic')
15:53 bilby INFO    : geocent_time=Uniform(minimum=1135136350.5370002, maximum=1135136350.737, name='geocent_time', latex_label='$t_c$', unit='$s$', boundary=None)
15:53 bilby INFO    : mass_1=Constraint(minimum=10, maximum=80, name='mass_1', latex_label='$m_1$', unit=None)
15:53 bilby INFO    : mass_2=Constraint(minimum=10, maximum=80, name='mass_2', latex_label='$m_2$', unit=None)
15:53 bilby INFO    : Analysis likelihood class: <class 'bilby.gw.likelihood.base.GravitationalWaveTransient'>
15:53 bilby INFO    : Analysis likelihood noise evidence: -28587.271048487994
15:53 bilby INFO    : Single likelihood evaluation took nan s
15:53 bilby WARNING : Kwargs contain both 'rstate' and 'seed', ignoring 'seed'.
15:53 bilby INFO    : Using sampler Dynesty with kwargs {'nlive': 500, 'bound': 'live', 'sample': 'acceptance-walk', 'periodic': None, 'reflective': None, 'update_interval': 600, 'first_update': None, 'npdim': None, 'rstate': Generator(PCG64) at 0x148DB9A22120, 'queue_size': 1, 'pool': None, 'use_pool': None, 'live_points': None, 'logl_args': None, 'logl_kwargs': None, 'ptform_args': None, 'ptform_kwargs': None, 'gradient': None, 'grad_args': None, 'grad_kwargs': None, 'compute_jac': False, 'enlarge': None, 'bootstrap': None, 'walks': 100, 'facc': 0.2, 'slices': None, 'fmove': 0.9, 'max_move': 100, 'update_func': None, 'ncdim': None, 'blob': False, 'save_history': False, 'history_filename': None, 'maxiter': None, 'maxcall': None, 'dlogz': 0.1, 'logl_max': inf, 'n_effective': None, 'add_live': True, 'print_progress': True, 'print_func': <bound method Dynesty._print_func of <bilby.core.sampler.dynesty.Dynesty object at 0x148db73b58b0>>, 'save_bounds': False, 'checkpoint_file': None, 'checkpoint_every': 60, 'resume': False, 'seed': 137320}
15:53 bilby INFO    : Checkpoint every check_point_delta_t = 1800s
15:53 bilby INFO    : Using dynesty version 2.1.4
15:53 bilby INFO    : Using the bilby-implemented acceptance-walk sampling with an average of 60 accepted steps per MCMC and maximum length 5000
15:53 bilby INFO    : Reading resume file outdir_bbh_injection/result/bbh_injection_data0_1135136350-637_analysis_H1L1_par0_resume.pickle
15:53 bilby WARNING : The resume file outdir_bbh_injection/result/bbh_injection_data0_1135136350-637_analysis_H1L1_par0_resume.pickle is corrupted or the version of bilby has changed between runs. This resume file will be ignored.
15:53 bilby INFO    : Generating initial points from the prior
1812it [0:00:58 bound:22 nc:392 ncall:3.3e+04 eff:5.5% logz-ratio=667.08+/-0.13 dlogz:6669.428>0.1]
1884it [0:01:58 bound:58 nc:513 ncall:6.3e+04 eff:3.0% logz-ratio=736.63+/-0.13 dlogz:6599.753>0.1]
/scratch/nj2nu/non_GR/BBH_dataset/gw150914_xas/github_repo/bilby_pipe_edgb/envs/lib/python3.9/site-packages/dynesty/sampler.py:761: UserWarning: The sampling was stopped short due to maxiter/maxcall limit the delta(log(z)) criterion is not achieved; posterior may be poorly sampled
  warnings.warn('The sampling was stopped short due to'
1947it [0:02:59 bound:90 nc:549 ncall:9.3e+04 eff:2.1% logz-ratio=792.40+/-0.13 dlogz:6544.055>0.1]
2007it [0:03:59 bound:121 nc:506 ncall:1.2e+05 eff:1.6% logz-ratio=848.14+/-0.15 dlogz:6491.646>0.1]
2066it [0:05:00 bound:152 nc:522 ncall:1.5e+05 eff:1.3% logz-ratio=917.14+/-0.13 dlogz:6418.944>0.1]
2120it [0:06:00 bound:183 nc:593 ncall:1.8e+05 eff:1.1% logz-ratio=961.35+/-0.13 dlogz:6374.810>0.1]
2174it [0:07:01 bound:216 nc:623 ncall:2.1e+05 eff:1.0% logz-ratio=1008.51+/-0.14 dlogz:6327.131>0.1]
2227it [0:08:02 bound:250 nc:595 ncall:2.5e+05 eff:0.9% logz-ratio=1063.08+/-0.14 dlogz:6272.555>0.1]
2279it [0:09:02 bound:282 nc:498 ncall:2.8e+05 eff:0.8% logz-ratio=1115.27+/-0.15 dlogz:6222.721>0.1]
2328it [0:10:03 bound:317 nc:731 ncall:3.1e+05 eff:0.8% logz-ratio=1166.87+/-0.14 dlogz:6169.215>0.1]
2376it [0:11:04 bound:354 nc:669 ncall:3.4e+05 eff:0.7% logz-ratio=1213.87+/-0.14 dlogz:6122.043>0.1]
2421it [0:12:05 bound:391 nc:736 ncall:3.7e+05 eff:0.7% logz-ratio=1256.47+/-0.14 dlogz:6078.898>0.1]
2465it [0:13:06 bound:429 nc:816 ncall:4.0e+05 eff:0.6% logz-ratio=1304.61+/-0.15 dlogz:6031.191>0.1]
2509it [0:14:07 bound:467 nc:781 ncall:4.3e+05 eff:0.6% logz-ratio=1359.74+/-0.14 dlogz:5975.606>0.1]
2552it [0:15:08 bound:506 nc:751 ncall:4.6e+05 eff:0.6% logz-ratio=1412.35+/-0.15 dlogz:5927.805>0.1]
2594it [0:16:08 bound:545 nc:645 ncall:4.9e+05 eff:0.5% logz-ratio=1459.57+/-0.14 dlogz:6378.601>0.1]
2635it [0:17:09 bound:583 nc:704 ncall:5.2e+05 eff:0.5% logz-ratio=1504.82+/-0.15 dlogz:6333.709>0.1]
2676it [0:18:10 bound:623 nc:802 ncall:5.5e+05 eff:0.5% logz-ratio=1546.48+/-0.15 dlogz:6292.605>0.1]
2716it [0:19:11 bound:661 nc:930 ncall:5.8e+05 eff:0.5% logz-ratio=1588.26+/-0.15 dlogz:6648.419>0.1]
2754it [0:20:11 bound:698 nc:885 ncall:6.1e+05 eff:0.5% logz-ratio=1644.80+/-0.15 dlogz:7154.860>0.1]
2791it [0:21:11 bound:733 nc:858 ncall:6.4e+05 eff:0.4% logz-ratio=1695.32+/-0.15 dlogz:7102.930>0.1]
2829it [0:22:12 bound:769 nc:579 ncall:6.7e+05 eff:0.4% logz-ratio=1758.59+/-0.16 dlogz:7043.395>0.1]
2867it [0:23:13 bound:807 nc:721 ncall:7.0e+05 eff:0.4% logz-ratio=1800.04+/-0.14 dlogz:6997.085>0.1]
2904it [0:24:15 bound:843 nc:876 ncall:7.3e+05 eff:0.4% logz-ratio=1845.01+/-0.15 dlogz:6953.243>0.1]
2939it [0:25:16 bound:877 nc:1031 ncall:7.6e+05 eff:0.4% logz-ratio=1885.02+/-0.15 dlogz:6912.588>0.1]
2973it [0:26:16 bound:911 nc:829 ncall:7.9e+05 eff:0.4% logz-ratio=1939.57+/-0.15 dlogz:6858.517>0.1]
3008it [0:27:16 bound:946 nc:652 ncall:8.2e+05 eff:0.4% logz-ratio=1983.38+/-0.15 dlogz:6814.155>0.1]
3041it [0:28:16 bound:979 nc:993 ncall:8.6e+05 eff:0.4% logz-ratio=2031.09+/-0.15 dlogz:6766.694>0.1]
3074it [0:29:17 bound:1012 nc:1058 ncall:8.9e+05 eff:0.3% logz-ratio=2085.73+/-0.15 dlogz:6711.754>0.1]
16:23 bilby INFO    : Written checkpoint file outdir_bbh_injection/result/bbh_injection_data0_1135136350-637_analysis_H1L1_par0_resume.pickle
/scratch/nj2nu/non_GR/BBH_dataset/gw150914_xas/github_repo/bilby_pipe_edgb/envs/lib/python3.9/site-packages/dynesty/plotting.py:786: UserWarning: Attempting to set identical low and high ylims makes transformation singular; automatically expanding.
  ax.set_ylim([0., max(y0) * 1.05])
/scratch/nj2nu/non_GR/BBH_dataset/gw150914_xas/github_repo/bilby_pipe_edgb/envs/lib/python3.9/site-packages/dynesty/plotting.py:786: UserWarning: Attempting to set identical low and high ylims makes transformation singular; automatically expanding.
  ax.set_ylim([0., max(y0) * 1.05])
/scratch/nj2nu/non_GR/BBH_dataset/gw150914_xas/github_repo/bilby_pipe_edgb/envs/lib/python3.9/site-packages/dynesty/plotting.py:252: RuntimeWarning: overflow encountered in exp
  np.exp(logwt), logz if logplot else np.exp(logz)
/scratch/nj2nu/non_GR/BBH_dataset/gw150914_xas/github_repo/bilby_pipe_edgb/envs/lib/python3.9/site-packages/dynesty/plotting.py:282: RuntimeWarning: overflow encountered in exp
  zspan = (0., 1.05 * np.exp(logz[-1] + 3. * logzerr[-1]))
16:23 bilby WARNING : Axis limits cannot be NaN or Inf
16:23 bilby WARNING : Failed to create dynesty run plot at checkpoint
3104it [0:30:18 bound:1042 nc:903 ncall:9.1e+05 eff:0.3% logz-ratio=2137.33+/-0.16 dlogz:6663.744>0.1]
3136it [0:31:18 bound:1074 nc:844 ncall:9.4e+05 eff:0.3% logz-ratio=2184.17+/-0.16 dlogz:7077.523>0.1]
3168it [0:32:18 bound:1106 nc:1022 ncall:9.7e+05 eff:0.3% logz-ratio=2230.58+/-0.15 dlogz:7161.328>0.1]
/scratch/nj2nu/non_GR/BBH_dataset/gw150914_xas/github_repo/bilby_pipe_edgb/envs/lib/python3.9/site-packages/dynesty/sampler.py:761: UserWarning: The sampling was stopped short due to maxiter/maxcall limit the delta(log(z)) criterion is not achieved; posterior may be poorly sampled
  warnings.warn('The sampling was stopped short due to'
3203it [0:33:19 bound:1141 nc:929 ncall:1.0e+06 eff:0.3% logz-ratio=2277.41+/-0.14 dlogz:7114.552>0.1]
3236it [0:34:20 bound:1174 nc:1011 ncall:1.0e+06 eff:0.3% logz-ratio=2327.99+/-0.15 dlogz:7063.905>0.1]
3270it [0:35:20 bound:1207 nc:998 ncall:1.1e+06 eff:0.3% logz-ratio=2377.61+/-0.16 dlogz:7014.977>0.1]
3304it [0:36:21 bound:1240 nc:1059 ncall:1.1e+06 eff:0.3% logz-ratio=2432.78+/-0.15 dlogz:6959.373>0.1]
3338it [0:37:23 bound:1273 nc:979 ncall:1.1e+06 eff:0.3% logz-ratio=2484.31+/-0.15 dlogz:6907.215>0.1]
3372it [0:38:25 bound:1307 nc:828 ncall:1.2e+06 eff:0.3% logz-ratio=2533.73+/-0.16 dlogz:6858.403>0.1]
3405it [0:39:26 bound:1339 nc:1179 ncall:1.2e+06 eff:0.3% logz-ratio=2590.15+/-0.16 dlogz:6804.408>0.1]
3439it [0:40:26 bound:1372 nc:1079 ncall:1.2e+06 eff:0.3% logz-ratio=2646.71+/-0.16 dlogz:6745.077>0.1]
3473it [0:41:28 bound:1406 nc:1009 ncall:1.2e+06 eff:0.3% logz-ratio=2694.85+/-0.16 dlogz:6696.890>0.1]
3507it [0:42:29 bound:1438 nc:833 ncall:1.3e+06 eff:0.3% logz-ratio=2757.69+/-0.16 dlogz:6634.195>0.1]
3541it [0:43:30 bound:1471 nc:793 ncall:1.3e+06 eff:0.3% logz-ratio=2815.33+/-0.16 dlogz:6576.782>0.1]
3576it [0:44:32 bound:1506 nc:891 ncall:1.3e+06 eff:0.3% logz-ratio=2866.31+/-0.16 dlogz:6525.057>0.1]
3611it [0:45:33 bound:1540 nc:940 ncall:1.4e+06 eff:0.3% logz-ratio=2932.88+/-0.16 dlogz:6458.914>0.1]
3644it [0:46:34 bound:1573 nc:667 ncall:1.4e+06 eff:0.3% logz-ratio=2999.22+/-0.17 dlogz:6770.955>0.1]
3677it [0:47:34 bound:1605 nc:878 ncall:1.4e+06 eff:0.3% logz-ratio=3048.66+/-0.16 dlogz:6719.905>0.1]
3711it [0:48:35 bound:1638 nc:866 ncall:1.5e+06 eff:0.3% logz-ratio=3095.54+/-0.16 dlogz:6673.665>0.1]
3743it [0:49:35 bound:1670 nc:1017 ncall:1.5e+06 eff:0.3% logz-ratio=3154.46+/-0.16 dlogz:6614.037>0.1]
3777it [0:50:36 bound:1703 nc:929 ncall:1.5e+06 eff:0.2% logz-ratio=3216.00+/-0.16 dlogz:6552.229>0.1]
3810it [0:51:37 bound:1735 nc:1081 ncall:1.6e+06 eff:0.2% logz-ratio=3286.86+/-0.17 dlogz:6483.035>0.1]
3843it [0:52:39 bound:1767 nc:1189 ncall:1.6e+06 eff:0.2% logz-ratio=3331.82+/-0.16 dlogz:6436.385>0.1]
3877it [0:53:40 bound:1797 nc:965 ncall:1.6e+06 eff:0.2% logz-ratio=3386.41+/-0.16 dlogz:8380.435>0.1]
3910it [0:54:41 bound:1830 nc:910 ncall:1.6e+06 eff:0.2% logz-ratio=3439.50+/-0.17 dlogz:11472.996>0.1]
3943it [0:55:43 bound:1863 nc:1045 ncall:1.7e+06 eff:0.2% logz-ratio=3515.01+/-0.17 dlogz:11399.892>0.1]
3975it [0:56:43 bound:1894 nc:901 ncall:1.7e+06 eff:0.2% logz-ratio=3572.39+/-0.16 dlogz:11339.087>0.1]
4007it [0:57:43 bound:1926 nc:1128 ncall:1.7e+06 eff:0.2% logz-ratio=3617.93+/-0.16 dlogz:11293.541>0.1]
4039it [0:58:44 bound:1958 nc:975 ncall:1.8e+06 eff:0.2% logz-ratio=3702.33+/-0.17 dlogz:11210.194>0.1]
4071it [0:59:44 bound:1988 nc:820 ncall:1.8e+06 eff:0.2% logz-ratio=3764.94+/-0.16 dlogz:11146.438>0.1]
16:54 bilby INFO    : Written checkpoint file outdir_bbh_injection/result/bbh_injection_data0_1135136350-637_analysis_H1L1_par0_resume.pickle
/scratch/nj2nu/non_GR/BBH_dataset/gw150914_xas/github_repo/bilby_pipe_edgb/envs/lib/python3.9/site-packages/dynesty/plotting.py:786: UserWarning: Attempting to set identical low and high ylims makes transformation singular; automatically expanding.
  ax.set_ylim([0., max(y0) * 1.05])
/scratch/nj2nu/non_GR/BBH_dataset/gw150914_xas/github_repo/bilby_pipe_edgb/envs/lib/python3.9/site-packages/dynesty/plotting.py:786: UserWarning: Attempting to set identical low and high ylims makes transformation singular; automatically expanding.
  ax.set_ylim([0., max(y0) * 1.05])
/scratch/nj2nu/non_GR/BBH_dataset/gw150914_xas/github_repo/bilby_pipe_edgb/envs/lib/python3.9/site-packages/dynesty/plotting.py:252: RuntimeWarning: overflow encountered in exp
  np.exp(logwt), logz if logplot else np.exp(logz)
/scratch/nj2nu/non_GR/BBH_dataset/gw150914_xas/github_repo/bilby_pipe_edgb/envs/lib/python3.9/site-packages/dynesty/plotting.py:282: RuntimeWarning: overflow encountered in exp
  zspan = (0., 1.05 * np.exp(logz[-1] + 3. * logzerr[-1]))
16:54 bilby WARNING : Axis limits cannot be NaN or Inf
16:54 bilby WARNING : Failed to create dynesty run plot at checkpoint
4100it [1:00:45 bound:2017 nc:1008 ncall:1.8e+06 eff:0.2% logz-ratio=3818.20+/-0.17 dlogz:11095.380>0.1]
4133it [1:01:45 bound:2050 nc:972 ncall:1.9e+06 eff:0.2% logz-ratio=3874.12+/-0.16 dlogz:11036.868>0.1]
4167it [1:02:47 bound:2084 nc:946 ncall:1.9e+06 eff:0.2% logz-ratio=3956.33+/-0.16 dlogz:10954.549>0.1]
/scratch/nj2nu/non_GR/BBH_dataset/gw150914_xas/github_repo/bilby_pipe_edgb/envs/lib/python3.9/site-packages/dynesty/sampler.py:761: UserWarning: The sampling was stopped short due to maxiter/maxcall limit the delta(log(z)) criterion is not achieved; posterior may be poorly sampled
  warnings.warn('The sampling was stopped short due to'
4199it [1:03:48 bound:2116 nc:1021 ncall:1.9e+06 eff:0.2% logz-ratio=4005.87+/-0.17 dlogz:10905.580>0.1]
4232it [1:04:49 bound:2148 nc:842 ncall:1.9e+06 eff:0.2% logz-ratio=4076.13+/-0.17 dlogz:10835.150>0.1]
4266it [1:05:50 bound:2181 nc:1055 ncall:2.0e+06 eff:0.2% logz-ratio=4152.65+/-0.17 dlogz:10758.988>0.1]
4299it [1:06:51 bound:2212 nc:545 ncall:2.0e+06 eff:0.2% logz-ratio=4230.15+/-0.17 dlogz:10681.263>0.1]
4331it [1:07:52 bound:2244 nc:1062 ncall:2.0e+06 eff:0.2% logz-ratio=4292.25+/-0.17 dlogz:10618.634>0.1]
4363it [1:08:53 bound:2275 nc:937 ncall:2.1e+06 eff:0.2% logz-ratio=4361.38+/-0.17 dlogz:10550.171>0.1]
4395it [1:09:55 bound:2307 nc:1150 ncall:2.1e+06 eff:0.2% logz-ratio=4420.51+/-0.17 dlogz:10490.649>0.1]
4427it [1:10:57 bound:2338 nc:1084 ncall:2.1e+06 eff:0.2% logz-ratio=4484.52+/-0.17 dlogz:10426.273>0.1]
4460it [1:11:58 bound:2371 nc:685 ncall:2.2e+06 eff:0.2% logz-ratio=4552.89+/-0.17 dlogz:10358.096>0.1]
4492it [1:12:59 bound:2402 nc:928 ncall:2.2e+06 eff:0.2% logz-ratio=4612.52+/-0.18 dlogz:14985.463>0.1]
4526it [1:14:00 bound:2435 nc:811 ncall:2.2e+06 eff:0.2% logz-ratio=4689.57+/-0.18 dlogz:14912.108>0.1]
4559it [1:15:00 bound:2467 nc:904 ncall:2.3e+06 eff:0.2% logz-ratio=4781.69+/-0.17 dlogz:14812.746>0.1]
4593it [1:16:01 bound:2499 nc:817 ncall:2.3e+06 eff:0.2% logz-ratio=4859.01+/-0.17 dlogz:14736.546>0.1]
4623it [1:17:01 bound:2529 nc:833 ncall:2.3e+06 eff:0.2% logz-ratio=4933.84+/-0.18 dlogz:14664.746>0.1]
4655it [1:18:02 bound:2560 nc:984 ncall:2.3e+06 eff:0.2% logz-ratio=4994.43+/-0.17 dlogz:14600.603>0.1]
4687it [1:19:03 bound:2592 nc:880 ncall:2.4e+06 eff:0.2% logz-ratio=5065.40+/-0.17 dlogz:14529.536>0.1]
4720it [1:20:04 bound:2625 nc:1060 ncall:2.4e+06 eff:0.2% logz-ratio=5139.99+/-0.17 dlogz:14454.613>0.1]
4752it [1:21:04 bound:2657 nc:985 ncall:2.4e+06 eff:0.2% logz-ratio=5227.89+/-0.18 dlogz:14371.900>0.1]
4785it [1:22:05 bound:2690 nc:675 ncall:2.5e+06 eff:0.2% logz-ratio=5287.89+/-0.17 dlogz:14305.956>0.1]
4819it [1:23:06 bound:2723 nc:1048 ncall:2.5e+06 eff:0.2% logz-ratio=5380.58+/-0.17 dlogz:14213.718>0.1]
4851it [1:24:07 bound:2755 nc:1016 ncall:2.5e+06 eff:0.2% logz-ratio=5442.74+/-0.18 dlogz:14157.015>0.1]
4884it [1:25:08 bound:2788 nc:857 ncall:2.6e+06 eff:0.2% logz-ratio=5538.39+/-0.18 dlogz:14057.866>0.1]
4918it [1:26:10 bound:2821 nc:833 ncall:2.6e+06 eff:0.2% logz-ratio=5631.12+/-0.18 dlogz:13969.559>0.1]
4952it [1:27:12 bound:2854 nc:1008 ncall:2.6e+06 eff:0.2% logz-ratio=5715.02+/-0.18 dlogz:13884.443>0.1]
4984it [1:28:13 bound:2885 nc:1052 ncall:2.7e+06 eff:0.2% logz-ratio=5813.33+/-0.18 dlogz:13780.833>0.1]
5016it [1:29:13 bound:2916 nc:932 ncall:2.7e+06 eff:0.2% logz-ratio=5891.72+/-0.18 dlogz:13705.258>0.1]
5049it [1:30:14 bound:2949 nc:1110 ncall:2.7e+06 eff:0.2% logz-ratio=5977.44+/-0.18 dlogz:13619.046>0.1]
17:24 bilby INFO    : Written checkpoint file outdir_bbh_injection/result/bbh_injection_data0_1135136350-637_analysis_H1L1_par0_resume.pickle
17:24 bilby WARNING : The data appears to lie in a lower-dimensional subspace of the space in which it is expressed. This has resulted in a singular data covariance matrix, which cannot be treated using the algorithms implemented in `gaussian_kde`. Consider performing principle component analysis / dimensionality reduction and using `gaussian_kde` with the transformed data.
17:24 bilby WARNING : Failed to create dynesty state plot at checkpoint
17:24 bilby WARNING : The data appears to lie in a lower-dimensional subspace of the space in which it is expressed. This has resulted in a singular data covariance matrix, which cannot be treated using the algorithms implemented in `gaussian_kde`. Consider performing principle component analysis / dimensionality reduction and using `gaussian_kde` with the transformed data.
17:24 bilby WARNING : Failed to create dynesty unit state plot at checkpoint
/scratch/nj2nu/non_GR/BBH_dataset/gw150914_xas/github_repo/bilby_pipe_edgb/envs/lib/python3.9/site-packages/dynesty/plotting.py:252: RuntimeWarning: overflow encountered in exp
  np.exp(logwt), logz if logplot else np.exp(logz)
17:24 bilby WARNING : The data appears to lie in a lower-dimensional subspace of the space in which it is expressed. This has resulted in a singular data covariance matrix, which cannot be treated using the algorithms implemented in `gaussian_kde`. Consider performing principle component analysis / dimensionality reduction and using `gaussian_kde` with the transformed data.
17:24 bilby WARNING : Failed to create dynesty run plot at checkpoint
5079it [1:31:15 bound:2977 nc:1007 ncall:2.7e+06 eff:0.2% logz-ratio=6059.88+/-0.18 dlogz:15523.532>0.1]
5111it [1:32:16 bound:3009 nc:991 ncall:2.8e+06 eff:0.2% logz-ratio=6128.30+/-0.17 dlogz:15454.431>0.1]
5145it [1:33:16 bound:3040 nc:1113 ncall:2.8e+06 eff:0.2% logz-ratio=6218.46+/-0.18 dlogz:15364.736>0.1]
/scratch/nj2nu/non_GR/BBH_dataset/gw150914_xas/github_repo/bilby_pipe_edgb/envs/lib/python3.9/site-packages/dynesty/sampler.py:761: UserWarning: The sampling was stopped short due to maxiter/maxcall limit the delta(log(z)) criterion is not achieved; posterior may be poorly sampled
  warnings.warn('The sampling was stopped short due to'
5177it [1:34:18 bound:3070 nc:1085 ncall:2.8e+06 eff:0.2% logz-ratio=6331.12+/-0.18 dlogz:15254.794>0.1]
5211it [1:35:18 bound:3103 nc:692 ncall:2.9e+06 eff:0.2% logz-ratio=6409.89+/-0.18 dlogz:15174.489>0.1]
5244it [1:36:20 bound:3134 nc:818 ncall:2.9e+06 eff:0.2% logz-ratio=6494.72+/-0.18 dlogz:15089.819>0.1]
5277it [1:37:20 bound:3166 nc:880 ncall:2.9e+06 eff:0.2% logz-ratio=6597.88+/-0.18 dlogz:14985.491>0.1]
5310it [1:38:21 bound:3199 nc:1093 ncall:3.0e+06 eff:0.2% logz-ratio=6690.65+/-0.18 dlogz:14893.639>0.1]
slurmstepd: error: *** JOB 62418162 ON udc-aw36-13c0 CANCELLED AT 2024-07-10T17:32:22 ***
