Loaded Miniforge which replaces Anaconda. 
- The conda/mamba executables are included.
- The default channel is conda-forge.

For details see https://www.rc.virginia.edu/2024/10/transition-from-anaconda-to-miniforge-october-15-2024/
Running: /scratch/nj2nu/non_GR/BBH_dataset/gw150914_xas/github_repo/bilby_pipe_edgb/envs/bin/bilby_pipe_analysis outdir_GW150914/GW150914_config_complete.ini --outdir outdir_GW150914 --detectors H1 --detectors L1 --label GW150914_data0_1126259462-4_analysis_H1L1_par0 --data-dump-file outdir_GW150914/data/GW150914_data0_1126259462-4_generation_data_dump.pickle --sampler dynesty
13:54 bilby_pipe INFO    : Running bilby_pipe version: 1.4.2
13:54 bilby_pipe INFO    : Running bilby version: 2.3.0
13:54 bilby_pipe INFO    : Command line arguments: Namespace(ini='outdir_GW150914/GW150914_config_complete.ini', verbose=False, calibration_model=None, spline_calibration_envelope_dict=None, spline_calibration_nodes=10, spline_calibration_amplitude_uncertainty_dict=None, spline_calibration_phase_uncertainty_dict=None, calibration_prior_boundary='reflective', idx=0, data_dump_file='outdir_GW150914/data/GW150914_data0_1126259462-4_generation_data_dump.pickle', ignore_gwpy_data_quality_check=True, gps_tuple=None, gps_file=None, timeslide_file=None, timeslide_dict=None, trigger_time='1126259462.4', n_simulation=0, data_dict=None, data_format=None, allow_tape=True, channel_dict='{H1:GWOSC, L1:GWOSC}', frame_type_dict=None, data_find_url='https://datafind.igwn.org', data_find_urltype='osdf', gaussian_noise=False, zero_noise=False, coherence_test=False, detectors=['H1', 'L1'], duration=4.0, generation_seed=None, psd_dict=None, psd_fractional_overlap=0.5, post_trigger_duration=2.0, sampling_frequency=1024.0, psd_length=32, psd_maximum_duration=1024, psd_method='median', psd_start_time=None, maximum_frequency='1024.', minimum_frequency='20.', tukey_roll_off=0.4, resampling_method='lal', injection=False, injection_dict=None, injection_file=None, injection_numbers=[None], injection_waveform_approximant=None, injection_frequency_domain_source_model=None, injection_waveform_arguments=None, accounting='ligo.dev.o3.cbc.pe.lalinference', accounting_user=None, label='GW150914_data0_1126259462-4_analysis_H1L1_par0', local=False, local_generation=False, generation_pool='local-pool', local_plot=False, outdir='outdir_GW150914', overwrite_outdir=False, periodic_restart_time=259200, request_disk=5.0, request_memory=8.0, request_memory_generation=None, request_cpus=1, conda_env=None, scheduler='condor', scheduler_args=None, scheduler_module=[None], scheduler_env=None, scheduler_analysis_time='7-00:00:00', submit=False, condor_job_priority=0, transfer_files=True, additional_transfer_paths=[None], environment_variables=None, getenv=[None], disable_hdf5_locking=False, log_directory=None, osg=False, desired_sites=None, analysis_executable=None, analysis_executable_parser=None, scitoken_issuer=None, calibration_marginalization=False, distance_marginalization=False, distance_marginalization_lookup_table=None, phase_marginalization=False, time_marginalization=False, jitter_time=True, reference_frame='sky', time_reference='geocent', likelihood_type='GravitationalWaveTransient', calibration_lookup_table=None, number_of_response_curves=1000, roq_folder=None, roq_linear_matrix=None, roq_quadratic_matrix=None, roq_weights=None, roq_weight_format='hdf5', roq_scale_factor=1.0, fiducial_parameters=None, update_fiducial_parameters=False, epsilon=0.025, extra_likelihood_kwargs=None, plot_trace=False, plot_data=False, plot_injection=False, plot_spectrogram=False, plot_calibration=False, plot_corner=False, plot_marginal=False, plot_skymap=False, plot_waveform=False, plot_format='png', create_summary=False, email=None, notification='Never', queue=None, existing_dir=None, webdir=None, summarypages_arguments=None, result_format='hdf5', final_result=True, final_result_nsamples=20000, default_prior='BBHPriorDict', deltaT=0.2, prior_file=None, prior_dict='{mass-1: Constraint(name=\'mass_1\', minimum=10, maximum=80), mass_2 = Constraint(name=\'mass_2\', minimum=10, maximum=80), mass_ratio =  Uniform(name=\'mass_ratio\', minimum=0.125, maximum=1, latex_label="$q$"), chirp_mass =  Uniform(name=\'chirp_mass\', minimum=25, maximum=35, latex_label="$M_{c}$"), chi_1 = bilby.gw.prior.AlignedSpin(name=\'chi_1\', a_prior=Uniform(minimum=0, maximum=0.99)), chi_2 = bilby.gw.prior.AlignedSpin(name=\'chi_2\', a_prior=Uniform(minimum=0, maximum=0.99)), luminosity_distance = PowerLaw(alpha=2, name=\'luminosity_distance\', minimum=50, maximum=2000, unit=\'Mpc\', latex_label=\'$d_L$\'), dec = Cosine(name=\'dec\'), ra = Uniform(name=\'ra\', minimum=0, maximum=2 * np.pi, boundary=\'periodic\'), theta_jn = Sine(name=\'theta_jn\'), psi =  Uniform(name=\'psi\', minimum=0, maximum=np.pi, boundary=\'periodic\'), phase =  Uniform(name=\'phase\', minimum=0, maximum=2 * np.pi, boundary=\'periodic\'), alpha = Uniform(name=\'alpha\', minimum=0, maximum=20.0), }', enforce_signal_duration=True, postprocessing_executable=None, postprocessing_arguments=None, single_postprocessing_executable=None, single_postprocessing_arguments=None, sampler='dynesty', sampling_seed=None, n_parallel=2, sampler_kwargs="{'nlive': 2000, 'naccept': 60, 'check_point_plot': True, 'check_point_delta_t': 1800, 'print_method': 'interval-60', 'sample': 'acceptance-walk', 'nact': 10}", reweighting_configuration=None, reweight_nested_samples=True, waveform_generator='bilby.gw.waveform_generator.WaveformGenerator', reference_frequency=20.0, waveform_approximant='IMRPhenomXAS', catch_waveform_errors=True, pn_spin_order=-1, pn_tidal_order=-1, pn_phase_order=-1, pn_amplitude_order=0, numerical_relativity_file=None, waveform_arguments_dict=None, mode_array=[None], frequency_domain_source_model='bilby_tgr.edgb.source.edgb_waveform_generator', conversion_function=None, generation_function=None)
13:54 bilby_pipe INFO    : Unknown command line arguments: []
13:54 bilby_pipe INFO    : Sampling seed set to 651280
13:54 bilby_pipe INFO    : Found data for detectors = ['H1', 'L1']
13:54 bilby_pipe INFO    : Using data for detectors = ['H1', 'L1']
13:54 bilby_pipe INFO    : H1: sampling-frequency=1024.0, segment-start-time=1126259460.3999023, duration=4.0
13:54 bilby_pipe INFO    : L1: sampling-frequency=1024.0, segment-start-time=1126259460.3999023, duration=4.0
13:54 bilby_pipe INFO    : No conversion function
13:54 bilby INFO    : Waveform generator initiated with
  frequency_domain_source_model: bilby_tgr.edgb.source.edgb_waveform_generator
  time_domain_source_model: None
  parameter_conversion: bilby.gw.conversion.convert_to_lal_binary_black_hole_parameters
13:54 bilby_pipe INFO    : No conversion function
13:54 bilby INFO    : Running for label 'GW150914_data0_1126259462-4_analysis_H1L1_par0', output will be saved to 'outdir_GW150914/result'
13:54 bilby INFO    : Using lal version 7.6.0
13:54 bilby INFO    : Using lal git version Branch: None;Tag: lalsuite-v7.24;Id: 66b61e11399a21c5dd2ec3af5f8bb4f4698d367a;;Builder: Unknown User <>;Repository status: CLEAN: All modifications committed
13:54 bilby INFO    : Using lalsimulation version 6.0.0
13:54 bilby INFO    : Using lalsimulation git version Branch: None;Tag: lalsuite-v7.24;Id: 66b61e11399a21c5dd2ec3af5f8bb4f4698d367a;;Builder: Unknown User <>;Repository status: CLEAN: All modifications committed
/scratch/nj2nu/non_GR/BBH_dataset/gw150914_xas/github_repo/bilby_pipe_edgb/envs/lib/python3.9/site-packages/bilby/core/utils/log.py:73: UserWarning: The '__version__' attribute is deprecated and will be removed in MarkupSafe 3.1. Use feature detection, or `importlib.metadata.version("markupsafe")`, instead.
  vdict[key] = str(getattr(sys.modules[key], "__version__", "N/A"))
13:54 bilby INFO    : Analysis priors:
13:54 bilby INFO    : mass_ratio=Uniform(minimum=0.125, maximum=1, name='mass_ratio', latex_label='$q$', unit=None, boundary=None)
13:54 bilby INFO    : chirp_mass=Uniform(minimum=25, maximum=35, name='chirp_mass', latex_label='$M_{c}$', unit=None, boundary=None)
13:54 bilby INFO    : chi_1=bilby.gw.prior.AlignedSpin(a_prior=Uniform(minimum=0, maximum=0.99, name=None, latex_label=None, unit=None, boundary=None), z_prior=Uniform(minimum=-1, maximum=1, name=None, latex_label=None, unit=None, boundary=None), name='chi_1', latex_label='$\\chi_1$', unit=None, boundary=None, minimum=-0.99, maximum=0.99)
13:54 bilby INFO    : chi_2=bilby.gw.prior.AlignedSpin(a_prior=Uniform(minimum=0, maximum=0.99, name=None, latex_label=None, unit=None, boundary=None), z_prior=Uniform(minimum=-1, maximum=1, name=None, latex_label=None, unit=None, boundary=None), name='chi_2', latex_label='$\\chi_2$', unit=None, boundary=None, minimum=-0.99, maximum=0.99)
13:54 bilby INFO    : luminosity_distance=PowerLaw(alpha=2, minimum=50, maximum=2000, name='luminosity_distance', latex_label='$d_L$', unit='Mpc', boundary=None)
13:54 bilby INFO    : dec=Cosine(minimum=-1.5707963267948966, maximum=1.5707963267948966, name='dec', latex_label='$\\mathrm{DEC}$', unit=None, boundary=None)
13:54 bilby INFO    : ra=Uniform(minimum=0, maximum=6.283185307179586, name='ra', latex_label='$\\mathrm{RA}$', unit=None, boundary='periodic')
13:54 bilby INFO    : theta_jn=Sine(minimum=0, maximum=3.141592653589793, name='theta_jn', latex_label='$\\theta_{JN}$', unit=None, boundary=None)
13:54 bilby INFO    : psi=Uniform(minimum=0, maximum=3.141592653589793, name='psi', latex_label='$\\psi$', unit=None, boundary='periodic')
13:54 bilby INFO    : phase=Uniform(minimum=0, maximum=6.283185307179586, name='phase', latex_label='$\\phi$', unit=None, boundary='periodic')
13:54 bilby INFO    : alpha=Uniform(minimum=0, maximum=20.0, name='alpha', latex_label='alpha', unit=None, boundary=None)
13:54 bilby INFO    : geocent_time=Uniform(minimum=1126259462.3000002, maximum=1126259462.5, name='geocent_time', latex_label='$t_c$', unit='$s$', boundary=None)
13:54 bilby INFO    : mass_1=Constraint(minimum=10, maximum=80, name='mass_1', latex_label='$m_1$', unit=None)
13:54 bilby INFO    : mass_2=Constraint(minimum=10, maximum=80, name='mass_2', latex_label='$m_2$', unit=None)
13:54 bilby INFO    : Analysis likelihood class: <class 'bilby.gw.likelihood.base.GravitationalWaveTransient'>
13:54 bilby INFO    : Analysis likelihood noise evidence: -4223.816152689627
13:54 bilby INFO    : Single likelihood evaluation took nan s
13:54 bilby WARNING : Kwargs contain both 'rstate' and 'seed', ignoring 'seed'.
13:54 bilby INFO    : Using sampler Dynesty with kwargs {'nlive': 2000, 'bound': 'live', 'sample': 'acceptance-walk', 'periodic': None, 'reflective': None, 'update_interval': 600, 'first_update': None, 'npdim': None, 'rstate': Generator(PCG64) at 0x153BD29F04A0, 'queue_size': 1, 'pool': None, 'use_pool': None, 'live_points': None, 'logl_args': None, 'logl_kwargs': None, 'ptform_args': None, 'ptform_kwargs': None, 'gradient': None, 'grad_args': None, 'grad_kwargs': None, 'compute_jac': False, 'enlarge': None, 'bootstrap': None, 'walks': 100, 'facc': 0.2, 'slices': None, 'fmove': 0.9, 'max_move': 100, 'update_func': None, 'ncdim': None, 'blob': False, 'save_history': False, 'history_filename': None, 'maxiter': None, 'maxcall': None, 'dlogz': 0.1, 'logl_max': inf, 'n_effective': None, 'add_live': True, 'print_progress': True, 'print_func': <bound method Dynesty._print_func of <bilby.core.sampler.dynesty.Dynesty object at 0x153bd503b5e0>>, 'save_bounds': False, 'checkpoint_file': None, 'checkpoint_every': 60, 'resume': False, 'seed': 651280}
13:54 bilby INFO    : Checkpoint every check_point_delta_t = 1800s
13:54 bilby INFO    : Using dynesty version 2.1.4
13:54 bilby INFO    : Using the bilby-implemented acceptance-walk sampling with an average of 60 accepted steps per MCMC and maximum length 5000
13:54 bilby INFO    : Reading resume file outdir_GW150914/result/GW150914_data0_1126259462-4_analysis_H1L1_par0_resume.pickle
13:54 bilby INFO    : Resume file successfully loaded.
13:54 bilby INFO    : Written checkpoint file outdir_GW150914/result/GW150914_data0_1126259462-4_analysis_H1L1_par0_resume.pickle
13:55 bilby INFO    : Rejection sampling nested samples to obtain 9874 posterior samples
13:55 bilby INFO    : Sampling time: 1 day, 22:17:57.856932
13:55 bilby INFO    : Summary of results:
nsamples: 9874
ln_noise_evidence: -4223.816
ln_evidence: -3924.413 +/-  0.147
ln_bayes_factor: 299.403 +/-  0.147

13:55 bilby_pipe INFO    : Run completed
Running: /scratch/nj2nu/non_GR/BBH_dataset/gw150914_xas/github_repo/bilby_pipe_edgb/envs/bin/bilby_pipe_analysis outdir_GW150914/GW150914_config_complete.ini --outdir outdir_GW150914 --detectors H1 --detectors L1 --label GW150914_data0_1126259462-4_analysis_H1L1_par1 --data-dump-file outdir_GW150914/data/GW150914_data0_1126259462-4_generation_data_dump.pickle --sampler dynesty
13:55 bilby_pipe INFO    : Running bilby_pipe version: 1.4.2
13:55 bilby_pipe INFO    : Running bilby version: 2.3.0
13:55 bilby_pipe INFO    : Command line arguments: Namespace(ini='outdir_GW150914/GW150914_config_complete.ini', verbose=False, calibration_model=None, spline_calibration_envelope_dict=None, spline_calibration_nodes=10, spline_calibration_amplitude_uncertainty_dict=None, spline_calibration_phase_uncertainty_dict=None, calibration_prior_boundary='reflective', idx=0, data_dump_file='outdir_GW150914/data/GW150914_data0_1126259462-4_generation_data_dump.pickle', ignore_gwpy_data_quality_check=True, gps_tuple=None, gps_file=None, timeslide_file=None, timeslide_dict=None, trigger_time='1126259462.4', n_simulation=0, data_dict=None, data_format=None, allow_tape=True, channel_dict='{H1:GWOSC, L1:GWOSC}', frame_type_dict=None, data_find_url='https://datafind.igwn.org', data_find_urltype='osdf', gaussian_noise=False, zero_noise=False, coherence_test=False, detectors=['H1', 'L1'], duration=4.0, generation_seed=None, psd_dict=None, psd_fractional_overlap=0.5, post_trigger_duration=2.0, sampling_frequency=1024.0, psd_length=32, psd_maximum_duration=1024, psd_method='median', psd_start_time=None, maximum_frequency='1024.', minimum_frequency='20.', tukey_roll_off=0.4, resampling_method='lal', injection=False, injection_dict=None, injection_file=None, injection_numbers=[None], injection_waveform_approximant=None, injection_frequency_domain_source_model=None, injection_waveform_arguments=None, accounting='ligo.dev.o3.cbc.pe.lalinference', accounting_user=None, label='GW150914_data0_1126259462-4_analysis_H1L1_par1', local=False, local_generation=False, generation_pool='local-pool', local_plot=False, outdir='outdir_GW150914', overwrite_outdir=False, periodic_restart_time=259200, request_disk=5.0, request_memory=8.0, request_memory_generation=None, request_cpus=1, conda_env=None, scheduler='condor', scheduler_args=None, scheduler_module=[None], scheduler_env=None, scheduler_analysis_time='7-00:00:00', submit=False, condor_job_priority=0, transfer_files=True, additional_transfer_paths=[None], environment_variables=None, getenv=[None], disable_hdf5_locking=False, log_directory=None, osg=False, desired_sites=None, analysis_executable=None, analysis_executable_parser=None, scitoken_issuer=None, calibration_marginalization=False, distance_marginalization=False, distance_marginalization_lookup_table=None, phase_marginalization=False, time_marginalization=False, jitter_time=True, reference_frame='sky', time_reference='geocent', likelihood_type='GravitationalWaveTransient', calibration_lookup_table=None, number_of_response_curves=1000, roq_folder=None, roq_linear_matrix=None, roq_quadratic_matrix=None, roq_weights=None, roq_weight_format='hdf5', roq_scale_factor=1.0, fiducial_parameters=None, update_fiducial_parameters=False, epsilon=0.025, extra_likelihood_kwargs=None, plot_trace=False, plot_data=False, plot_injection=False, plot_spectrogram=False, plot_calibration=False, plot_corner=False, plot_marginal=False, plot_skymap=False, plot_waveform=False, plot_format='png', create_summary=False, email=None, notification='Never', queue=None, existing_dir=None, webdir=None, summarypages_arguments=None, result_format='hdf5', final_result=True, final_result_nsamples=20000, default_prior='BBHPriorDict', deltaT=0.2, prior_file=None, prior_dict='{mass-1: Constraint(name=\'mass_1\', minimum=10, maximum=80), mass_2 = Constraint(name=\'mass_2\', minimum=10, maximum=80), mass_ratio =  Uniform(name=\'mass_ratio\', minimum=0.125, maximum=1, latex_label="$q$"), chirp_mass =  Uniform(name=\'chirp_mass\', minimum=25, maximum=35, latex_label="$M_{c}$"), chi_1 = bilby.gw.prior.AlignedSpin(name=\'chi_1\', a_prior=Uniform(minimum=0, maximum=0.99)), chi_2 = bilby.gw.prior.AlignedSpin(name=\'chi_2\', a_prior=Uniform(minimum=0, maximum=0.99)), luminosity_distance = PowerLaw(alpha=2, name=\'luminosity_distance\', minimum=50, maximum=2000, unit=\'Mpc\', latex_label=\'$d_L$\'), dec = Cosine(name=\'dec\'), ra = Uniform(name=\'ra\', minimum=0, maximum=2 * np.pi, boundary=\'periodic\'), theta_jn = Sine(name=\'theta_jn\'), psi =  Uniform(name=\'psi\', minimum=0, maximum=np.pi, boundary=\'periodic\'), phase =  Uniform(name=\'phase\', minimum=0, maximum=2 * np.pi, boundary=\'periodic\'), alpha = Uniform(name=\'alpha\', minimum=0, maximum=20.0), }', enforce_signal_duration=True, postprocessing_executable=None, postprocessing_arguments=None, single_postprocessing_executable=None, single_postprocessing_arguments=None, sampler='dynesty', sampling_seed=None, n_parallel=2, sampler_kwargs="{'nlive': 2000, 'naccept': 60, 'check_point_plot': True, 'check_point_delta_t': 1800, 'print_method': 'interval-60', 'sample': 'acceptance-walk', 'nact': 10}", reweighting_configuration=None, reweight_nested_samples=True, waveform_generator='bilby.gw.waveform_generator.WaveformGenerator', reference_frequency=20.0, waveform_approximant='IMRPhenomXAS', catch_waveform_errors=True, pn_spin_order=-1, pn_tidal_order=-1, pn_phase_order=-1, pn_amplitude_order=0, numerical_relativity_file=None, waveform_arguments_dict=None, mode_array=[None], frequency_domain_source_model='bilby_tgr.edgb.source.edgb_waveform_generator', conversion_function=None, generation_function=None)
13:55 bilby_pipe INFO    : Unknown command line arguments: []
13:55 bilby_pipe INFO    : Sampling seed set to 946343
13:55 bilby_pipe INFO    : Found data for detectors = ['H1', 'L1']
13:55 bilby_pipe INFO    : Using data for detectors = ['H1', 'L1']
13:55 bilby_pipe INFO    : H1: sampling-frequency=1024.0, segment-start-time=1126259460.3999023, duration=4.0
13:55 bilby_pipe INFO    : L1: sampling-frequency=1024.0, segment-start-time=1126259460.3999023, duration=4.0
13:55 bilby_pipe INFO    : No conversion function
13:55 bilby INFO    : Waveform generator initiated with
  frequency_domain_source_model: bilby_tgr.edgb.source.edgb_waveform_generator
  time_domain_source_model: None
  parameter_conversion: bilby.gw.conversion.convert_to_lal_binary_black_hole_parameters
13:55 bilby_pipe INFO    : No conversion function
13:55 bilby INFO    : Running for label 'GW150914_data0_1126259462-4_analysis_H1L1_par1', output will be saved to 'outdir_GW150914/result'
13:55 bilby INFO    : Using lal version 7.6.0
13:55 bilby INFO    : Using lal git version Branch: None;Tag: lalsuite-v7.24;Id: 66b61e11399a21c5dd2ec3af5f8bb4f4698d367a;;Builder: Unknown User <>;Repository status: CLEAN: All modifications committed
13:55 bilby INFO    : Using lalsimulation version 6.0.0
13:55 bilby INFO    : Using lalsimulation git version Branch: None;Tag: lalsuite-v7.24;Id: 66b61e11399a21c5dd2ec3af5f8bb4f4698d367a;;Builder: Unknown User <>;Repository status: CLEAN: All modifications committed
/scratch/nj2nu/non_GR/BBH_dataset/gw150914_xas/github_repo/bilby_pipe_edgb/envs/lib/python3.9/site-packages/bilby/core/utils/log.py:73: UserWarning: The '__version__' attribute is deprecated and will be removed in MarkupSafe 3.1. Use feature detection, or `importlib.metadata.version("markupsafe")`, instead.
  vdict[key] = str(getattr(sys.modules[key], "__version__", "N/A"))
13:55 bilby INFO    : Analysis priors:
13:55 bilby INFO    : mass_ratio=Uniform(minimum=0.125, maximum=1, name='mass_ratio', latex_label='$q$', unit=None, boundary=None)
13:55 bilby INFO    : chirp_mass=Uniform(minimum=25, maximum=35, name='chirp_mass', latex_label='$M_{c}$', unit=None, boundary=None)
13:55 bilby INFO    : chi_1=bilby.gw.prior.AlignedSpin(a_prior=Uniform(minimum=0, maximum=0.99, name=None, latex_label=None, unit=None, boundary=None), z_prior=Uniform(minimum=-1, maximum=1, name=None, latex_label=None, unit=None, boundary=None), name='chi_1', latex_label='$\\chi_1$', unit=None, boundary=None, minimum=-0.99, maximum=0.99)
13:55 bilby INFO    : chi_2=bilby.gw.prior.AlignedSpin(a_prior=Uniform(minimum=0, maximum=0.99, name=None, latex_label=None, unit=None, boundary=None), z_prior=Uniform(minimum=-1, maximum=1, name=None, latex_label=None, unit=None, boundary=None), name='chi_2', latex_label='$\\chi_2$', unit=None, boundary=None, minimum=-0.99, maximum=0.99)
13:55 bilby INFO    : luminosity_distance=PowerLaw(alpha=2, minimum=50, maximum=2000, name='luminosity_distance', latex_label='$d_L$', unit='Mpc', boundary=None)
13:55 bilby INFO    : dec=Cosine(minimum=-1.5707963267948966, maximum=1.5707963267948966, name='dec', latex_label='$\\mathrm{DEC}$', unit=None, boundary=None)
13:55 bilby INFO    : ra=Uniform(minimum=0, maximum=6.283185307179586, name='ra', latex_label='$\\mathrm{RA}$', unit=None, boundary='periodic')
13:55 bilby INFO    : theta_jn=Sine(minimum=0, maximum=3.141592653589793, name='theta_jn', latex_label='$\\theta_{JN}$', unit=None, boundary=None)
13:55 bilby INFO    : psi=Uniform(minimum=0, maximum=3.141592653589793, name='psi', latex_label='$\\psi$', unit=None, boundary='periodic')
13:55 bilby INFO    : phase=Uniform(minimum=0, maximum=6.283185307179586, name='phase', latex_label='$\\phi$', unit=None, boundary='periodic')
13:55 bilby INFO    : alpha=Uniform(minimum=0, maximum=20.0, name='alpha', latex_label='alpha', unit=None, boundary=None)
13:55 bilby INFO    : geocent_time=Uniform(minimum=1126259462.3000002, maximum=1126259462.5, name='geocent_time', latex_label='$t_c$', unit='$s$', boundary=None)
13:55 bilby INFO    : mass_1=Constraint(minimum=10, maximum=80, name='mass_1', latex_label='$m_1$', unit=None)
13:55 bilby INFO    : mass_2=Constraint(minimum=10, maximum=80, name='mass_2', latex_label='$m_2$', unit=None)
13:55 bilby INFO    : Analysis likelihood class: <class 'bilby.gw.likelihood.base.GravitationalWaveTransient'>
13:55 bilby INFO    : Analysis likelihood noise evidence: -4223.816152689627
13:55 bilby INFO    : Single likelihood evaluation took nan s
13:55 bilby WARNING : Kwargs contain both 'rstate' and 'seed', ignoring 'seed'.
13:55 bilby INFO    : Using sampler Dynesty with kwargs {'nlive': 2000, 'bound': 'live', 'sample': 'acceptance-walk', 'periodic': None, 'reflective': None, 'update_interval': 600, 'first_update': None, 'npdim': None, 'rstate': Generator(PCG64) at 0x14DDE6ABE4A0, 'queue_size': 1, 'pool': None, 'use_pool': None, 'live_points': None, 'logl_args': None, 'logl_kwargs': None, 'ptform_args': None, 'ptform_kwargs': None, 'gradient': None, 'grad_args': None, 'grad_kwargs': None, 'compute_jac': False, 'enlarge': None, 'bootstrap': None, 'walks': 100, 'facc': 0.2, 'slices': None, 'fmove': 0.9, 'max_move': 100, 'update_func': None, 'ncdim': None, 'blob': False, 'save_history': False, 'history_filename': None, 'maxiter': None, 'maxcall': None, 'dlogz': 0.1, 'logl_max': inf, 'n_effective': None, 'add_live': True, 'print_progress': True, 'print_func': <bound method Dynesty._print_func of <bilby.core.sampler.dynesty.Dynesty object at 0x14dde91093d0>>, 'save_bounds': False, 'checkpoint_file': None, 'checkpoint_every': 60, 'resume': False, 'seed': 946343}
13:55 bilby INFO    : Checkpoint every check_point_delta_t = 1800s
13:55 bilby INFO    : Using dynesty version 2.1.4
13:55 bilby INFO    : Using the bilby-implemented acceptance-walk sampling with an average of 60 accepted steps per MCMC and maximum length 5000
13:55 bilby INFO    : Reading resume file outdir_GW150914/result/GW150914_data0_1126259462-4_analysis_H1L1_par1_resume.pickle
13:55 bilby INFO    : Resume file successfully loaded.
13:55 bilby INFO    : Written checkpoint file outdir_GW150914/result/GW150914_data0_1126259462-4_analysis_H1L1_par1_resume.pickle
13:56 bilby INFO    : Rejection sampling nested samples to obtain 9887 posterior samples
13:56 bilby INFO    : Sampling time: 1 day, 23:47:40.484033
13:56 bilby INFO    : Summary of results:
nsamples: 9887
ln_noise_evidence: -4223.816
ln_evidence: -3924.178 +/-  0.144
ln_bayes_factor: 299.638 +/-  0.144

13:56 bilby_pipe INFO    : Run completed
Running: /scratch/nj2nu/non_GR/BBH_dataset/gw150914_xas/github_repo/bilby_pipe_edgb/envs/bin/bilby_result --result outdir_GW150914/result/GW150914_data0_1126259462-4_analysis_H1L1_par0_result.hdf5 outdir_GW150914/result/GW150914_data0_1126259462-4_analysis_H1L1_par1_result.hdf5 --outdir outdir_GW150914/result --label GW150914_data0_1126259462-4_analysis_H1L1_merge --extension hdf5 --merge
13:56 bilby INFO    : Combined results have 17728 samples
Running: /scratch/nj2nu/non_GR/BBH_dataset/gw150914_xas/github_repo/bilby_pipe_edgb/envs/bin/bilby_result --result outdir_GW150914/result/GW150914_data0_1126259462-4_analysis_H1L1_merge_result.hdf5 --outdir outdir_GW150914/final_result --extension hdf5 --max-samples 20000 --lightweight --save
